<?xml version="1.0" encoding="UTF-8"?>
<testsuite name="EdgeFieldTest" tests="24" skipped="0" failures="0" errors="0" timestamp="2024-04-01T00:41:24" hostname="admins-MacBook-Pro-3.local" time="0.023">
  <properties/>
  <testcase name="testReturnsCorrectNumFigureValue" classname="EdgeFieldTest" time="0.0"/>
  <testcase name="testReturnsCorrectIsPrimaryKeyValue" classname="EdgeFieldTest" time="0.0"/>
  <testcase name="testSetsCorrectVarcharValue" classname="EdgeFieldTest" time="0.0"/>
  <testcase name="testReturnsCorrectDisallowNullValue" classname="EdgeFieldTest" time="0.0"/>
  <testcase name="testConstructsWithValidInputString" classname="EdgeFieldTest" time="0.002"/>
  <testcase name="testReturnsCorrectNameValue" classname="EdgeFieldTest" time="0.0"/>
  <testcase name="testReturnsCorrectTableIDValue" classname="EdgeFieldTest" time="0.0"/>
  <testcase name="testReturnsCorrectTableBoundValue" classname="EdgeFieldTest" time="0.0"/>
  <testcase name="testReturnsCorrectStringRepresentation" classname="EdgeFieldTest" time="0.0"/>
  <testcase name="testSetsCorrectTableBoundValue" classname="EdgeFieldTest" time="0.0"/>
  <testcase name="testDoesNotChangeDataTypeWhenSetWithOutOfRangeValue" classname="EdgeFieldTest" time="0.0"/>
  <testcase name="testSetsCorrectTableIDValue" classname="EdgeFieldTest" time="0.0"/>
  <testcase name="testSetsCorrectIsPrimaryKeyValue" classname="EdgeFieldTest" time="0.001"/>
  <testcase name="testThrowsErrorWhenConstructingWithInvalidInputStringFormat" classname="EdgeFieldTest" time="0.011"/>
  <testcase name="testSetsCorrectDisallowNullValue" classname="EdgeFieldTest" time="0.0"/>
  <testcase name="testReturnsCorrectDefaultValue" classname="EdgeFieldTest" time="0.0"/>
  <testcase name="testDoesNotChangeVarcharValueWhenSetWithNegativeValue" classname="EdgeFieldTest" time="0.0"/>
  <testcase name="testReturnsCorrectStrDataTypeArray" classname="EdgeFieldTest" time="0.0"/>
  <testcase name="testReturnsCorrectFieldBoundValue" classname="EdgeFieldTest" time="0.0"/>
  <testcase name="testSetsCorrectFieldBoundValue" classname="EdgeFieldTest" time="0.001"/>
  <testcase name="testReturnsCorrectDataType" classname="EdgeFieldTest" time="0.0"/>
  <testcase name="testSetsCorrectDataType" classname="EdgeFieldTest" time="0.001"/>
  <testcase name="testSetsCorrectDefaultValue" classname="EdgeFieldTest" time="0.0"/>
  <testcase name="testReturnsCorrectVarcharValue" classname="EdgeFieldTest" time="0.001"/>
  <system-out><![CDATA[41:24.096 INFO class:EdgeField - Edge Field created
41:24.096 INFO class:EdgeField - Edge Field created
41:24.097 INFO class:EdgeField - Edge Field created
41:24.097 INFO class:EdgeField - Edge Field created
41:24.098 INFO class:EdgeField - Edge Field created
41:24.099 INFO class:EdgeField - Edge Field created
41:24.100 INFO class:EdgeField - Edge Field created
41:24.100 INFO class:EdgeField - Edge Field created
41:24.101 INFO class:EdgeField - Edge Field created
41:24.101 INFO class:EdgeField - Edge Field created
41:24.102 INFO class:EdgeField - Edge Field created
41:24.102 INFO class:EdgeField - Edge Field created
41:24.103 INFO class:EdgeField - Edge Field created
41:24.103 INFO class:EdgeField - Edge Field created
41:24.103 ERROR class:EdgeField - Error parsing inputString:
java.lang.NumberFormatException: For input string: "InvalidInput"
	at java.lang.NumberFormatException.forInputString(NumberFormatException.java:67) ~[?:?]
	at java.lang.Integer.parseInt(Integer.java:662) ~[?:?]
	at java.lang.Integer.parseInt(Integer.java:778) ~[?:?]
	at EdgeField.<init>(EdgeField.java:20) [main/:?]
	at EdgeFieldTest.testThrowsErrorWhenConstructingWithInvalidInputStringFormat(EdgeFieldTest.java:150) [test/:?]
	at jdk.internal.reflect.DirectMethodHandleAccessor.invoke(DirectMethodHandleAccessor.java:103) ~[?:?]
	at java.lang.reflect.Method.invoke(Method.java:580) ~[?:?]
	at org.junit.runners.model.FrameworkMethod$1.runReflectiveCall(FrameworkMethod.java:50) [junit-4.12.jar:4.12]
	at org.junit.internal.runners.model.ReflectiveCallable.run(ReflectiveCallable.java:12) [junit-4.12.jar:4.12]
	at org.junit.runners.model.FrameworkMethod.invokeExplosively(FrameworkMethod.java:47) [junit-4.12.jar:4.12]
	at org.junit.internal.runners.statements.InvokeMethod.evaluate(InvokeMethod.java:17) [junit-4.12.jar:4.12]
	at org.junit.internal.runners.statements.ExpectException.evaluate(ExpectException.java:19) [junit-4.12.jar:4.12]
	at org.junit.runners.ParentRunner.runLeaf(ParentRunner.java:325) [junit-4.12.jar:4.12]
	at org.junit.runners.BlockJUnit4ClassRunner.runChild(BlockJUnit4ClassRunner.java:78) [junit-4.12.jar:4.12]
	at org.junit.runners.BlockJUnit4ClassRunner.runChild(BlockJUnit4ClassRunner.java:57) [junit-4.12.jar:4.12]
	at org.junit.runners.ParentRunner$3.run(ParentRunner.java:290) [junit-4.12.jar:4.12]
	at org.junit.runners.ParentRunner$1.schedule(ParentRunner.java:71) [junit-4.12.jar:4.12]
	at org.junit.runners.ParentRunner.runChildren(ParentRunner.java:288) [junit-4.12.jar:4.12]
	at org.junit.runners.ParentRunner.access$000(ParentRunner.java:58) [junit-4.12.jar:4.12]
	at org.junit.runners.ParentRunner$2.evaluate(ParentRunner.java:268) [junit-4.12.jar:4.12]
	at org.junit.runners.ParentRunner.run(ParentRunner.java:363) [junit-4.12.jar:4.12]
	at org.gradle.api.internal.tasks.testing.junit.JUnitTestClassExecutor.runTestClass(JUnitTestClassExecutor.java:112) [gradle-testing-jvm-infrastructure-8.6.jar:8.6]
	at org.gradle.api.internal.tasks.testing.junit.JUnitTestClassExecutor.execute(JUnitTestClassExecutor.java:58) [gradle-testing-jvm-infrastructure-8.6.jar:8.6]
	at org.gradle.api.internal.tasks.testing.junit.JUnitTestClassExecutor.execute(JUnitTestClassExecutor.java:40) [gradle-testing-jvm-infrastructure-8.6.jar:8.6]
	at org.gradle.api.internal.tasks.testing.junit.AbstractJUnitTestClassProcessor.processTestClass(AbstractJUnitTestClassProcessor.java:60) [gradle-testing-jvm-infrastructure-8.6.jar:8.6]
	at org.gradle.api.internal.tasks.testing.SuiteTestClassProcessor.processTestClass(SuiteTestClassProcessor.java:52) [gradle-testing-base-8.6.jar:8.6]
	at jdk.internal.reflect.DirectMethodHandleAccessor.invoke(DirectMethodHandleAccessor.java:103) ~[?:?]
	at java.lang.reflect.Method.invoke(Method.java:580) ~[?:?]
	at org.gradle.internal.dispatch.ReflectionDispatch.dispatch(ReflectionDispatch.java:36) [gradle-messaging-8.6.jar:8.6]
	at org.gradle.internal.dispatch.ReflectionDispatch.dispatch(ReflectionDispatch.java:24) [gradle-messaging-8.6.jar:8.6]
	at org.gradle.internal.dispatch.ContextClassLoaderDispatch.dispatch(ContextClassLoaderDispatch.java:33) [gradle-messaging-8.6.jar:8.6]
	at org.gradle.internal.dispatch.ProxyDispatchAdapter$DispatchingInvocationHandler.invoke(ProxyDispatchAdapter.java:94) [gradle-messaging-8.6.jar:8.6]
	at jdk.proxy1.$Proxy2.processTestClass(Unknown Source) [?:?]
	at org.gradle.api.internal.tasks.testing.worker.TestWorker$2.run(TestWorker.java:176) [gradle-testing-base-8.6.jar:8.6]
	at org.gradle.api.internal.tasks.testing.worker.TestWorker.executeAndMaintainThreadName(TestWorker.java:129) [gradle-testing-base-8.6.jar:8.6]
	at org.gradle.api.internal.tasks.testing.worker.TestWorker.execute(TestWorker.java:100) [gradle-testing-base-8.6.jar:8.6]
	at org.gradle.api.internal.tasks.testing.worker.TestWorker.execute(TestWorker.java:60) [gradle-testing-base-8.6.jar:8.6]
	at org.gradle.process.internal.worker.child.ActionExecutionWorker.execute(ActionExecutionWorker.java:56) [gradle-worker-processes-8.6.jar:8.6]
	at org.gradle.process.internal.worker.child.SystemApplicationClassLoaderWorker.call(SystemApplicationClassLoaderWorker.java:113) [gradle-worker-processes-8.6.jar:8.6]
	at org.gradle.process.internal.worker.child.SystemApplicationClassLoaderWorker.call(SystemApplicationClassLoaderWorker.java:65) [gradle-worker-processes-8.6.jar:8.6]
	at worker.org.gradle.process.internal.worker.GradleWorkerMain.run(GradleWorkerMain.java:69) [gradle-worker.jar:?]
	at worker.org.gradle.process.internal.worker.GradleWorkerMain.main(GradleWorkerMain.java:74) [gradle-worker.jar:?]
41:24.114 INFO class:EdgeField - Edge Field created
41:24.115 INFO class:EdgeField - Edge Field created
41:24.115 INFO class:EdgeField - Edge Field created
41:24.116 INFO class:EdgeField - Edge Field created
41:24.116 INFO class:EdgeField - Edge Field created
41:24.117 INFO class:EdgeField - Edge Field created
41:24.118 INFO class:EdgeField - Edge Field created
41:24.118 INFO class:EdgeField - Edge Field created
41:24.118 INFO class:EdgeField - Edge Field created
]]></system-out>
  <system-err><![CDATA[]]></system-err>
</testsuite>
