<?xml version="1.0" encoding="UTF-8"?>
<testsuite name="CreateDDLMySQLTest" tests="14" skipped="0" failures="0" errors="0" timestamp="2024-04-01T00:08:11" hostname="admins-MacBook-Pro-3.local" time="6.644">
  <properties/>
  <testcase name="testCreateDDLWithSQLInjection" classname="CreateDDLMySQLTest" time="2.827"/>
  <testcase name="testConstructorWithEmptyValues" classname="CreateDDLMySQLTest" time="0.001"/>
  <testcase name="testConstructorWithCorrectInfo" classname="CreateDDLMySQLTest" time="0.019"/>
  <testcase name="testCreateDDLWithNullDatabaseName" classname="CreateDDLMySQLTest" time="1.03"/>
  <testcase name="testConvertStrBooleanToIntTrue" classname="CreateDDLMySQLTest" time="0.001"/>
  <testcase name="testGenerateDatabaseNameCancel" classname="CreateDDLMySQLTest" time="0.464"/>
  <testcase name="testGenerateDatabaseName" classname="CreateDDLMySQLTest" time="0.626"/>
  <testcase name="testCreateDDLWithConnections" classname="CreateDDLMySQLTest" time="0.451"/>
  <testcase name="testCreateDDLWithCorruptedInfo" classname="CreateDDLMySQLTest" time="0.398"/>
  <testcase name="testConstructorWithNullValues" classname="CreateDDLMySQLTest" time="0.0"/>
  <testcase name="testGetSQLStringExpectedSQLString" classname="CreateDDLMySQLTest" time="0.406"/>
  <testcase name="testConvertStrBooleanToIntOtherInput" classname="CreateDDLMySQLTest" time="0.0"/>
  <testcase name="testConvertStrBooleanToIntFalse" classname="CreateDDLMySQLTest" time="0.0"/>
  <testcase name="testCreateDDLWithNoInfo" classname="CreateDDLMySQLTest" time="0.417"/>
  <system-out><![CDATA[08:11.059 INFO class:EdgeConvertFileParser - Opening file: Courses8.edg.sav
08:11.071 INFO class:EdgeField - Edge Field created
08:11.073 INFO class:EdgeField - Edge Field created
08:11.073 INFO class:EdgeField - Edge Field created
08:11.074 INFO class:EdgeField - Edge Field created
08:11.075 INFO class:EdgeField - Edge Field created
08:11.076 INFO class:EdgeField - Edge Field created
08:11.077 INFO class:EdgeField - Edge Field created
08:13.879 INFO class:EdgeConvertFileParser - Opening file: Courses2.edg.sav
08:13.883 INFO class:EdgeField - Edge Field created
08:13.884 INFO class:EdgeField - Edge Field created
08:13.885 INFO class:EdgeField - Edge Field created
08:13.885 INFO class:EdgeField - Edge Field created
08:13.886 INFO class:EdgeField - Edge Field created
08:13.887 INFO class:EdgeField - Edge Field created
08:13.888 INFO class:EdgeField - Edge Field created
08:13.890 INFO class:EdgeTable - STUDENT calls toString()
08:13.890 INFO class:EdgeTable - Creating a save file
08:13.891 INFO class:EdgeTable - FACULTY calls toString()
08:13.891 INFO class:EdgeTable - Creating a save file
08:13.891 INFO class:EdgeTable - COURSES calls toString()
08:13.891 INFO class:EdgeTable - Creating a save file
08:14.926 WARN class:RunEdgeConvert - Warning: Name was null. Name must be included
08:15.392 WARN class:RunEdgeConvert - Warning: Name was null. Name must be included
08:16.020 INFO class:EdgeConvertFileParser - Opening file: Courses3.edg.sav
08:16.023 INFO class:EdgeField - Edge Field created
08:16.024 INFO class:EdgeField - Edge Field created
08:16.026 INFO class:EdgeField - Edge Field created
08:16.026 INFO class:EdgeField - Edge Field created
08:16.027 INFO class:EdgeField - Edge Field created
08:16.028 INFO class:EdgeField - Edge Field created
08:16.029 INFO class:EdgeField - Edge Field created
08:16.471 INFO class:EdgeConvertFileParser - Opening file: Courses4.edg.sav
08:16.474 INFO class:EdgeField - Edge Field created
08:16.475 INFO class:EdgeField - Edge Field created
08:16.476 INFO class:EdgeField - Edge Field created
08:16.476 INFO class:EdgeField - Edge Field created
08:16.477 INFO class:EdgeField - Edge Field created
08:16.477 INFO class:EdgeField - Edge Field created
08:16.478 INFO class:EdgeField - Edge Field created
08:16.870 INFO class:EdgeConvertFileParser - Opening file: Courses2.edg.sav
08:16.872 INFO class:EdgeField - Edge Field created
08:16.873 INFO class:EdgeField - Edge Field created
08:16.873 INFO class:EdgeField - Edge Field created
08:16.873 INFO class:EdgeField - Edge Field created
08:16.874 INFO class:EdgeField - Edge Field created
08:16.874 INFO class:EdgeField - Edge Field created
08:16.875 INFO class:EdgeField - Edge Field created
]]></system-out>
  <system-err><![CDATA[]]></system-err>
</testsuite>
