<?xml version="1.0" encoding="UTF-8"?>
<testsuite name="CreateDDLMySQLTest" tests="14" skipped="0" failures="0" errors="0" timestamp="2024-04-01T00:41:15" hostname="admins-MacBook-Pro-3.local" time="8.217">
  <properties/>
  <testcase name="testCreateDDLWithSQLInjection" classname="CreateDDLMySQLTest" time="3.401"/>
  <testcase name="testConstructorWithEmptyValues" classname="CreateDDLMySQLTest" time="0.001"/>
  <testcase name="testConstructorWithCorrectInfo" classname="CreateDDLMySQLTest" time="0.018"/>
  <testcase name="testCreateDDLWithNullDatabaseName" classname="CreateDDLMySQLTest" time="1.204"/>
  <testcase name="testConvertStrBooleanToIntTrue" classname="CreateDDLMySQLTest" time="0.001"/>
  <testcase name="testGenerateDatabaseNameCancel" classname="CreateDDLMySQLTest" time="0.497"/>
  <testcase name="testGenerateDatabaseName" classname="CreateDDLMySQLTest" time="1.397"/>
  <testcase name="testCreateDDLWithConnections" classname="CreateDDLMySQLTest" time="0.418"/>
  <testcase name="testCreateDDLWithCorruptedInfo" classname="CreateDDLMySQLTest" time="0.425"/>
  <testcase name="testConstructorWithNullValues" classname="CreateDDLMySQLTest" time="0.001"/>
  <testcase name="testGetSQLStringExpectedSQLString" classname="CreateDDLMySQLTest" time="0.418"/>
  <testcase name="testConvertStrBooleanToIntOtherInput" classname="CreateDDLMySQLTest" time="0.001"/>
  <testcase name="testConvertStrBooleanToIntFalse" classname="CreateDDLMySQLTest" time="0.001"/>
  <testcase name="testCreateDDLWithNoInfo" classname="CreateDDLMySQLTest" time="0.433"/>
  <system-out><![CDATA[41:15.876 INFO class:EdgeConvertFileParser - Opening file: Courses8.edg.sav
41:15.888 INFO class:EdgeField - Edge Field created
41:15.890 INFO class:EdgeField - Edge Field created
41:15.891 INFO class:EdgeField - Edge Field created
41:15.891 INFO class:EdgeField - Edge Field created
41:15.892 INFO class:EdgeField - Edge Field created
41:15.893 INFO class:EdgeField - Edge Field created
41:15.894 INFO class:EdgeField - Edge Field created
41:19.270 INFO class:EdgeConvertFileParser - Opening file: Courses2.edg.sav
41:19.274 INFO class:EdgeField - Edge Field created
41:19.275 INFO class:EdgeField - Edge Field created
41:19.276 INFO class:EdgeField - Edge Field created
41:19.276 INFO class:EdgeField - Edge Field created
41:19.277 INFO class:EdgeField - Edge Field created
41:19.277 INFO class:EdgeField - Edge Field created
41:19.278 INFO class:EdgeField - Edge Field created
41:19.279 INFO class:EdgeTable - STUDENT calls toString()
41:19.279 INFO class:EdgeTable - Creating a save file
41:19.280 INFO class:EdgeTable - FACULTY calls toString()
41:19.280 INFO class:EdgeTable - Creating a save file
41:19.280 INFO class:EdgeTable - COURSES calls toString()
41:19.280 INFO class:EdgeTable - Creating a save file
41:20.490 WARN class:RunEdgeConvert - Warning: Name was null. Name must be included
41:20.988 WARN class:RunEdgeConvert - Warning: Name was null. Name must be included
41:22.387 INFO class:EdgeConvertFileParser - Opening file: Courses3.edg.sav
41:22.390 INFO class:EdgeField - Edge Field created
41:22.391 INFO class:EdgeField - Edge Field created
41:22.392 INFO class:EdgeField - Edge Field created
41:22.393 INFO class:EdgeField - Edge Field created
41:22.394 INFO class:EdgeField - Edge Field created
41:22.394 INFO class:EdgeField - Edge Field created
41:22.395 INFO class:EdgeField - Edge Field created
41:22.805 INFO class:EdgeConvertFileParser - Opening file: Courses4.edg.sav
41:22.807 INFO class:EdgeField - Edge Field created
41:22.808 INFO class:EdgeField - Edge Field created
41:22.808 INFO class:EdgeField - Edge Field created
41:22.809 INFO class:EdgeField - Edge Field created
41:22.809 INFO class:EdgeField - Edge Field created
41:22.810 INFO class:EdgeField - Edge Field created
41:22.810 INFO class:EdgeField - Edge Field created
41:23.232 INFO class:EdgeConvertFileParser - Opening file: Courses2.edg.sav
41:23.234 INFO class:EdgeField - Edge Field created
41:23.235 INFO class:EdgeField - Edge Field created
41:23.236 INFO class:EdgeField - Edge Field created
41:23.236 INFO class:EdgeField - Edge Field created
41:23.237 INFO class:EdgeField - Edge Field created
41:23.237 INFO class:EdgeField - Edge Field created
41:23.237 INFO class:EdgeField - Edge Field created
]]></system-out>
  <system-err><![CDATA[]]></system-err>
</testsuite>
